# JRE version: Java(TM) SE Runtime Environment 18.9 (11.0.12+8) (build 11.0.12+8-LTS-237)
# Java VM: Java HotSpot(TM) 64-Bit Server VM 18.9 (11.0.12+8-LTS-237, mixed mode, tiered, compressed oops, g1 gc, windows-amd64)
Heap:
 garbage-first heap   total 157696K, used 16347K [0x0000000081c00000, 0x0000000100000000)
  region size 1024K, 9 young (9216K), 9 survivors (9216K)
 Metaspace       used 32883K, capacity 33877K, committed 34048K, reserved 1079296K
  class space    used 4159K, capacity 4576K, committed 4608K, reserved 1048576K
GC Heap History (10 events):
Event: 2.861 GC heap after
{Heap after GC invocations=2 (full 0):
 garbage-first heap   total 131072K, used 6611K [0x0000000081c00000, 0x0000000100000000)
  region size 1024K, 1 young (1024K), 1 survivors (1024K)
 Metaspace       used 9637K, capacity 9876K, committed 9984K, reserved 1058816K
  class space    used 934K, capacity 993K, committed 1024K, reserved 1048576K
}
Event: 4.765 GC heap before
{Heap before GC invocations=2 (full 0):
 garbage-first heap   total 131072K, used 27091K [0x0000000081c00000, 0x0000000100000000)
  region size 1024K, 21 young (21504K), 1 survivors (1024K)
 Metaspace       used 14710K, capacity 15191K, committed 15488K, reserved 1062912K
  class space    used 1646K, capacity 1803K, committed 1920K, reserved 1048576K
}
Event: 4.775 GC heap after
{Heap after GC invocations=3 (full 0):
 garbage-first heap   total 131072K, used 7932K [0x0000000081c00000, 0x0000000100000000)
  region size 1024K, 2 young (2048K), 2 survivors (2048K)
 Metaspace       used 14710K, capacity 15191K, committed 15488K, reserved 1062912K
  class space    used 1646K, capacity 1803K, committed 1920K, reserved 1048576K
}
Event: 6.988 GC heap before
{Heap before GC invocations=3 (full 0):
 garbage-first heap   total 131072K, used 42748K [0x0000000081c00000, 0x0000000100000000)
  region size 1024K, 37 young (37888K), 2 survivors (2048K)
 Metaspace       used 20604K, capacity 21150K, committed 21248K, reserved 1067008K
  class space    used 2507K, capacity 2718K, committed 2816K, reserved 1048576K
}
Event: 7.025 GC heap after
{Heap after GC invocations=4 (full 0):
 garbage-first heap   total 131072K, used 9577K [0x0000000081c00000, 0x0000000100000000)
  region size 1024K, 4 young (4096K), 4 survivors (4096K)
 Metaspace       used 20604K, capacity 21150K, committed 21248K, reserved 1067008K
  class space    used 2507K, capacity 2718K, committed 2816K, reserved 1048576K
}
Event: 8.463 GC heap before
{Heap before GC invocations=5 (full 0):
 garbage-first heap   total 131072K, used 54633K [0x0000000081c00000, 0x0000000100000000)
  region size 1024K, 49 young (50176K), 4 survivors (4096K)
 Metaspace       used 23259K, capacity 23909K, committed 24192K, reserved 1071104K
  class space    used 2846K, capacity 3075K, committed 3200K, reserved 1048576K
}
Event: 8.491 GC heap after
{Heap after GC invocations=6 (full 0):
 garbage-first heap   total 131072K, used 11637K [0x0000000081c00000, 0x0000000100000000)
  region size 1024K, 6 young (6144K), 6 survivors (6144K)
 Metaspace       used 23259K, capacity 23909K, committed 24192K, reserved 1071104K
  class space    used 2846K, capacity 3075K, committed 3200K, reserved 1048576K
}
Event: 11.951 GC heap before
{Heap before GC invocations=6 (full 0):
 garbage-first heap   total 131072K, used 82293K [0x0000000081c00000, 0x0000000100000000)
  region size 1024K, 76 young (77824K), 6 survivors (6144K)
 Metaspace       used 26710K, capacity 27503K, committed 27776K, reserved 1073152K
  class space    used 3341K, capacity 3652K, committed 3712K, reserved 1048576K
}
Event: 11.971 GC heap after
{Heap after GC invocations=7 (full 0):
 garbage-first heap   total 131072K, used 12822K [0x0000000081c00000, 0x0000000100000000)
  region size 1024K, 7 young (7168K), 7 survivors (7168K)
 Metaspace       used 26710K, capacity 27503K, committed 27776K, reserved 1073152K
  class space    used 3341K, capacity 3652K, committed 3712K, reserved 1048576K
}
Event: 27.155 GC heap before
{Heap before GC invocations=7 (full 0):
 garbage-first heap   total 131072K, used 82454K [0x0000000081c00000, 0x0000000100000000)
  region size 1024K, 76 young (77824K), 7 survivors (7168K)
 Metaspace       used 32883K, capacity 33877K, committed 34048K, reserved 1079296K
  class space    used 4159K, capacity 4576K, committed 4608K, reserved 1048576K
}

