# JRE version: OpenJDK Runtime Environment JBR-11.0.10.9-1341.35-dcevm (11.0.10+9) (build 11.0.10+9-b1341.35)
# Java VM: Dynamic Code Evolution 64-Bit Server VM JBR-11.0.10.9-1341.35-dcevm (11.0.10+9-b1341.35, mixed mode, tiered, compressed oops, g1 gc, windows-amd64)
Heap:
 garbage-first heap   total 157696K, used 17281K [0x0000000081c00000, 0x0000000100000000)
  region size 1024K, 6 young (6144K), 6 survivors (6144K)
 Metaspace       used 38388K, capacity 39696K, committed 39804K, reserved 1083392K
  class space    used 5005K, capacity 5506K, committed 5580K, reserved 1048576K
GC Heap History (13 events):
Event: 2.424 GC heap before
{Heap before GC invocations=0 (full 0):
 garbage-first heap   total 131072K, used 15360K [0x0000000081c00000, 0x0000000100000000)
  region size 1024K, 14 young (14336K), 0 survivors (0K)
 Metaspace       used 12136K, capacity 12405K, committed 12672K, reserved 1060864K
  class space    used 1280K, capacity 1366K, committed 1408K, reserved 1048576K
}
Event: 2.461 GC heap after
{Heap after GC invocations=1 (full 0):
 garbage-first heap   total 131072K, used 6446K [0x0000000081c00000, 0x0000000100000000)
  region size 1024K, 2 young (2048K), 2 survivors (2048K)
 Metaspace       used 12136K, capacity 12405K, committed 12672K, reserved 1060864K
  class space    used 1280K, capacity 1366K, committed 1408K, reserved 1048576K
}
Event: 3.470 GC heap before
{Heap before GC invocations=1 (full 0):
 garbage-first heap   total 131072K, used 9518K [0x0000000081c00000, 0x0000000100000000)
  region size 1024K, 6 young (6144K), 2 survivors (2048K)
 Metaspace       used 14029K, capacity 14445K, committed 14592K, reserved 1062912K
  class space    used 1534K, capacity 1683K, committed 1792K, reserved 1048576K
}
Event: 3.479 GC heap after
{Heap after GC invocations=2 (full 0):
 garbage-first heap   total 131072K, used 7439K [0x0000000081c00000, 0x0000000100000000)
  region size 1024K, 1 young (1024K), 1 survivors (1024K)
 Metaspace       used 14029K, capacity 14445K, committed 14592K, reserved 1062912K
  class space    used 1534K, capacity 1683K, committed 1792K, reserved 1048576K
}
Event: 6.376 GC heap before
{Heap before GC invocations=2 (full 0):
 garbage-first heap   total 131072K, used 40207K [0x0000000081c00000, 0x0000000100000000)
  region size 1024K, 35 young (35840K), 1 survivors (1024K)
 Metaspace       used 20600K, capacity 21222K, committed 21296K, reserved 1069056K
  class space    used 2426K, capacity 2670K, committed 2688K, reserved 1048576K
}
Event: 6.390 GC heap after
{Heap after GC invocations=3 (full 0):
 garbage-first heap   total 131072K, used 9642K [0x0000000081c00000, 0x0000000100000000)
  region size 1024K, 4 young (4096K), 4 survivors (4096K)
 Metaspace       used 20600K, capacity 21222K, committed 21296K, reserved 1069056K
  class space    used 2426K, capacity 2670K, committed 2688K, reserved 1048576K
}
Event: 8.762 GC heap before
{Heap before GC invocations=4 (full 0):
 garbage-first heap   total 131072K, used 51626K [0x0000000081c00000, 0x0000000100000000)
  region size 1024K, 45 young (46080K), 4 survivors (4096K)
 Metaspace       used 25722K, capacity 26567K, committed 26876K, reserved 1073152K
  class space    used 3259K, capacity 3573K, committed 3660K, reserved 1048576K
}
Event: 8.781 GC heap after
{Heap after GC invocations=5 (full 0):
 garbage-first heap   total 131072K, used 11585K [0x0000000081c00000, 0x0000000100000000)
  region size 1024K, 5 young (5120K), 5 survivors (5120K)
 Metaspace       used 25722K, capacity 26567K, committed 26876K, reserved 1073152K
  class space    used 3259K, capacity 3573K, committed 3660K, reserved 1048576K
}
Event: 10.324 GC heap before
{Heap before GC invocations=5 (full 0):
 garbage-first heap   total 131072K, used 83265K [0x0000000081c00000, 0x0000000100000000)
  region size 1024K, 76 young (77824K), 5 survivors (5120K)
 Metaspace       used 28652K, capacity 29523K, committed 29820K, reserved 1075200K
  class space    used 3595K, capacity 3947K, committed 4044K, reserved 1048576K
}
Event: 10.355 GC heap after
{Heap after GC invocations=6 (full 0):
 garbage-first heap   total 131072K, used 13505K [0x0000000081c00000, 0x0000000100000000)
  region size 1024K, 7 young (7168K), 7 survivors (7168K)
 Metaspace       used 28652K, capacity 29523K, committed 29820K, reserved 1075200K
  class space    used 3595K, capacity 3947K, committed 4044K, reserved 1048576K
}
Event: 13.424 GC heap before
{Heap before GC invocations=6 (full 0):
 garbage-first heap   total 131072K, used 78017K [0x0000000081c00000, 0x0000000100000000)
  region size 1024K, 71 young (72704K), 7 survivors (7168K)
 Metaspace       used 34687K, capacity 35834K, committed 35964K, reserved 1081344K
  class space    used 4511K, capacity 4964K, committed 5068K, reserved 1048576K
}
Event: 13.472 GC heap after
{Heap after GC invocations=7 (full 0):
 garbage-first heap   total 131072K, used 15831K [0x0000000081c00000, 0x0000000100000000)
  region size 1024K, 7 young (7168K), 7 survivors (7168K)
 Metaspace       used 34687K, capacity 35834K, committed 35964K, reserved 1081344K
  class space    used 4511K, capacity 4964K, committed 5068K, reserved 1048576K
}
Event: 15.222 GC heap before
{Heap before GC invocations=8 (full 0):
 garbage-first heap   total 131072K, used 85463K [0x0000000081c00000, 0x0000000100000000)
  region size 1024K, 76 young (77824K), 7 survivors (7168K)
 Metaspace       used 38388K, capacity 39696K, committed 39804K, reserved 1083392K
  class space    used 5005K, capacity 5506K, committed 5580K, reserved 1048576K
}

